Using pre-set license
Built from '2020.3/staging' branch; Version is '2020.3.11f1 (99c7afb366b3) revision 10078127'; Using compiler version '192528614'; Build Type 'Release'
OS: 'Windows 10 Home; OS build 19043.1052; Version 2009; 64bit' Language: 'en' Physical Memory: 12101 MB
BatchMode: 1, IsHumanControllingUs: 0, StartBugReporterOnCrash: 0, Is64bit: 1, IsPro: 0

 COMMAND LINE ARGUMENTS:
C:\Program Files\Unity\Hub\Editor\2020.3.11f1\Editor\Unity.exe
-adb2
-batchMode
-noUpm
-name
AssetImportWorker0
-projectPath
C:/Users/jhond/Downloads/3D-Endless-Runner-in-Unity-master/3D-Endless-Runner-in-Unity-master/EndlessRunnerTutorial
-logFile
Logs/AssetImportWorker0.log
-srvPort
59407
Successfully changed project path to: C:/Users/jhond/Downloads/3D-Endless-Runner-in-Unity-master/3D-Endless-Runner-in-Unity-master/EndlessRunnerTutorial
C:/Users/jhond/Downloads/3D-Endless-Runner-in-Unity-master/3D-Endless-Runner-in-Unity-master/EndlessRunnerTutorial
Using Asset Import Pipeline V2.
Refreshing native plugins compatible for Editor in 26.35 ms, found 2 plugins.
Preloading 0 native plugins for Editor in 0.00 ms.
Initialize engine version: 2020.3.11f1 (99c7afb366b3)
[Subsystems] Discovering subsystems at path C:/Program Files/Unity/Hub/Editor/2020.3.11f1/Editor/Data/Resources/UnitySubsystems
[Subsystems] Discovering subsystems at path C:/Users/jhond/Downloads/3D-Endless-Runner-in-Unity-master/3D-Endless-Runner-in-Unity-master/EndlessRunnerTutorial/Assets
GfxDevice: creating device client; threaded=0
Direct3D:
    Version:  Direct3D 11.0 [level 11.1]
    Renderer: Intel(R) UHD Graphics 620 (ID=0x3ea0)
    Vendor:   
    VRAM:     6050 MB
    Driver:   27.20.100.9466
Initialize mono
Mono path[0] = 'C:/Program Files/Unity/Hub/Editor/2020.3.11f1/Editor/Data/Managed'
Mono path[1] = 'C:/Program Files/Unity/Hub/Editor/2020.3.11f1/Editor/Data/MonoBleedingEdge/lib/mono/unityjit'
Mono config path = 'C:/Program Files/Unity/Hub/Editor/2020.3.11f1/Editor/Data/MonoBleedingEdge/etc'
Using monoOptions --debugger-agent=transport=dt_socket,embedding=1,server=y,suspend=n,address=127.0.0.1:56644
Begin MonoManager ReloadAssembly
Registering precompiled unity dll's ...
Register platform support module: C:/Program Files/Unity/Hub/Editor/2020.3.11f1/Editor/Data/PlaybackEngines/WindowsStandaloneSupport/UnityEditor.WindowsStandalone.Extensions.dll
Registered in 0.001787 seconds.
Native extension for WindowsStandalone target not found
Refreshing native plugins compatible for Editor in 25.38 ms, found 2 plugins.
Preloading 0 native plugins for Editor in 0.00 ms.
Mono: successfully reloaded assembly
- Completed reload, in  0.868 seconds
Platform modules already initialized, skipping
Registering precompiled user dll's ...
Registered in 0.002945 seconds.
Begin MonoManager ReloadAssembly
Native extension for WindowsStandalone target not found
Refreshing native plugins compatible for Editor in 0.29 ms, found 2 plugins.
Preloading 0 native plugins for Editor in 0.00 ms.
Mono: successfully reloaded assembly
- Completed reload, in  0.937 seconds
Platform modules already initialized, skipping
========================================================================
Worker process is ready to serve import requests
Launched and connected shader compiler UnityShaderCompiler.exe after 0.08 seconds
Refreshing native plugins compatible for Editor in 0.26 ms, found 2 plugins.
Preloading 0 native plugins for Editor in 0.00 ms.
Unloading 1393 Unused Serialized files (Serialized files now loaded: 0)
System memory in use before: 65.6 MB.
System memory in use after: 65.6 MB.

Unloading 18 unused Assets to reduce memory usage. Loaded Objects now: 1830.
Total: 1.964600 ms (FindLiveObjects: 0.137600 ms CreateObjectMapping: 0.043000 ms MarkObjects: 1.713100 ms  DeleteObjects: 0.069900 ms)

========================================================================
Received Import Request.
  path: Assets/Player/Ch03_nonPBR@Left Strafe.fbx
  artifactKey: Guid(d0bd7bebd8fe45b4cace9b9669d95f75) Importer(815301076,1909f56bfc062723c751e8b465ee728b)
Start importing Assets/Player/Ch03_nonPBR@Left Strafe.fbx using Guid(d0bd7bebd8fe45b4cace9b9669d95f75) Importer(815301076,1909f56bfc062723c751e8b465ee728b)  -> (artifact id: '9972690ae5003e736e5019b8d01a8896') in 0.201619 seconds
  Import took 0.203805 seconds .

========================================================================
Received Import Request.
  Time since last request: 0.000317 seconds.
  path: Assets/Player/Ch03_nonPBR@Running.fbx
  artifactKey: Guid(5d544a868339d1a4db1a4203a3b57e3a) Importer(815301076,1909f56bfc062723c751e8b465ee728b)
Start importing Assets/Player/Ch03_nonPBR@Running.fbx using Guid(5d544a868339d1a4db1a4203a3b57e3a) Importer(815301076,1909f56bfc062723c751e8b465ee728b)  -> (artifact id: '1abfabdcd493e549455a5ca7f2e551f8') in 0.048085 seconds
  Import took 0.050329 seconds .

========================================================================
Received Import Request.
  Time since last request: 0.000283 seconds.
  path: Assets/Player/Ch03_nonPBR.fbx
  artifactKey: Guid(3752ad1ccca16844a8acf261af8dd204) Importer(815301076,1909f56bfc062723c751e8b465ee728b)
Start importing Assets/Player/Ch03_nonPBR.fbx using Guid(3752ad1ccca16844a8acf261af8dd204) Importer(815301076,1909f56bfc062723c751e8b465ee728b)  -> (artifact id: '31ed365f01cb9699d8d721b64f92e9e5') in 0.046770 seconds
  Import took 0.049385 seconds .

========================================================================
Received Import Request.
  Time since last request: 1021.373888 seconds.
  path: Assets/3D Game Kit - Character Pack/Characters
  artifactKey: Guid(0118097ded8dbb741af77bed6b8ca050) Importer(815301076,1909f56bfc062723c751e8b465ee728b)
Start importing Assets/3D Game Kit - Character Pack/Characters using Guid(0118097ded8dbb741af77bed6b8ca050) Importer(815301076,1909f56bfc062723c751e8b465ee728b)  -> (artifact id: '88c42f72f6885f882970de09111ed09b') in 0.009601 seconds
  Import took 0.012551 seconds .

========================================================================
Received Import Request.
  Time since last request: 1.278638 seconds.
  path: Assets/3D Game Kit - Character Pack/Characters/Ellen
  artifactKey: Guid(73aa2ae2f4ee4f643a0ab1f1ee2df86b) Importer(815301076,1909f56bfc062723c751e8b465ee728b)
Start importing Assets/3D Game Kit - Character Pack/Characters/Ellen using Guid(73aa2ae2f4ee4f643a0ab1f1ee2df86b) Importer(815301076,1909f56bfc062723c751e8b465ee728b)  -> (artifact id: '263d407e1ef11c91ac1f440e5c2c5de6') in 0.007764 seconds
  Import took 0.011256 seconds .

========================================================================
Received Import Request.
  Time since last request: 2.581740 seconds.
  path: Assets/3D Game Kit - Character Pack/Characters/Ellen/AnimationClips
  artifactKey: Guid(65c5d0c5a9ea9834bb24147c892f5365) Importer(815301076,1909f56bfc062723c751e8b465ee728b)
Start importing Assets/3D Game Kit - Character Pack/Characters/Ellen/AnimationClips using Guid(65c5d0c5a9ea9834bb24147c892f5365) Importer(815301076,1909f56bfc062723c751e8b465ee728b)  -> (artifact id: '728e29e41e46643cdecd5ecf9ffe2967') in 0.007912 seconds
  Import took 0.013567 seconds .

========================================================================
Received Import Request.
  Time since last request: 0.049492 seconds.
  path: Assets/3D Game Kit - Character Pack/Characters/Ellen/AnimationClips/@EllenCombo1.fbx
  artifactKey: Guid(3aeb280aa07caa148891a47a136fcee4) Importer(815301076,1909f56bfc062723c751e8b465ee728b)
Start importing Assets/3D Game Kit - Character Pack/Characters/Ellen/AnimationClips/@EllenCombo1.fbx using Guid(3aeb280aa07caa148891a47a136fcee4) Importer(815301076,1909f56bfc062723c751e8b465ee728b)  -> (artifact id: 'b02cd6da7ef3638586ab914bf8b644de') in 0.044615 seconds
  Import took 0.047720 seconds .

========================================================================
Received Import Request.
  Time since last request: 0.000282 seconds.
  path: Assets/3D Game Kit - Character Pack/Characters/Ellen/AnimationClips/@EllenTurnOnSpotLeft135.fbx
  artifactKey: Guid(227c9e01d15b49745a0661cb18825f2f) Importer(815301076,1909f56bfc062723c751e8b465ee728b)
Start importing Assets/3D Game Kit - Character Pack/Characters/Ellen/AnimationClips/@EllenTurnOnSpotLeft135.fbx using Guid(227c9e01d15b49745a0661cb18825f2f) Importer(815301076,1909f56bfc062723c751e8b465ee728b)  -> (artifact id: '28e421a7723bb0d0e47dd3a26adfd268') in 0.043371 seconds
  Import took 0.045609 seconds .

========================================================================
Received Import Request.
  Time since last request: 0.000272 seconds.
  path: Assets/3D Game Kit - Character Pack/Characters/Ellen/AnimationClips/@EllenStrafe90LeftWalkBackward.fbx
  artifactKey: Guid(d93ef79bfc1950e4d8c56a399ca92bbe) Importer(815301076,1909f56bfc062723c751e8b465ee728b)
Start importing Assets/3D Game Kit - Character Pack/Characters/Ellen/AnimationClips/@EllenStrafe90LeftWalkBackward.fbx using Guid(d93ef79bfc1950e4d8c56a399ca92bbe) Importer(815301076,1909f56bfc062723c751e8b465ee728b)  -> (artifact id: '7fe32d95796ed022af25a2e0dcf9a1be') in 0.046130 seconds
  Import took 0.048898 seconds .

========================================================================
Received Import Request.
  Time since last request: 0.000260 seconds.
  path: Assets/3D Game Kit - Character Pack/Characters/Ellen/AnimationClips/@EllenHitFrontRight.fbx
  artifactKey: Guid(404644dc800da814b941c3e7c306379d) Importer(815301076,1909f56bfc062723c751e8b465ee728b)
Start importing Assets/3D Game Kit - Character Pack/Characters/Ellen/AnimationClips/@EllenHitFrontRight.fbx using Guid(404644dc800da814b941c3e7c306379d) Importer(815301076,1909f56bfc062723c751e8b465ee728b)  -> (artifact id: 'c4f251c7e97e6fd36dca6910fb98024e') in 0.038808 seconds
  Import took 0.041200 seconds .

========================================================================
Received Import Request.
  Time since last request: 0.000302 seconds.
  path: Assets/3D Game Kit - Character Pack/Characters/Ellen/AnimationClips/@EllenGunIdle.fbx
  artifactKey: Guid(0e0341343f16f8349afc3114b11c71d1) Importer(815301076,1909f56bfc062723c751e8b465ee728b)
Start importing Assets/3D Game Kit - Character Pack/Characters/Ellen/AnimationClips/@EllenGunIdle.fbx using Guid(0e0341343f16f8349afc3114b11c71d1) Importer(815301076,1909f56bfc062723c751e8b465ee728b)  -> (artifact id: '6a222c037bea2d807d3538cbdfb538a4') in 0.041424 seconds
  Import took 0.043642 seconds .

========================================================================
Received Import Request.
  Time since last request: 0.000274 seconds.
  path: Assets/3D Game Kit - Character Pack/Characters/Ellen/AnimationClips/@EllenStrafeRunBackward.fbx
  artifactKey: Guid(5ca4f665304d8f24ea830ab4f469a611) Importer(815301076,1909f56bfc062723c751e8b465ee728b)
Start importing Assets/3D Game Kit - Character Pack/Characters/Ellen/AnimationClips/@EllenStrafeRunBackward.fbx using Guid(5ca4f665304d8f24ea830ab4f469a611) Importer(815301076,1909f56bfc062723c751e8b465ee728b)  -> (artifact id: 'a796134e5a672e16a3ee7929c936ada9') in 0.035398 seconds
  Import took 0.037703 seconds .

========================================================================
Received Import Request.
  Time since last request: 0.000285 seconds.
  path: Assets/3D Game Kit - Character Pack/Characters/Ellen/AnimationClips/@EllenStrafe90LeftRunBackward.fbx
  artifactKey: Guid(d5d602a570f72dd40a65bb246d70db53) Importer(815301076,1909f56bfc062723c751e8b465ee728b)
Start importing Assets/3D Game Kit - Character Pack/Characters/Ellen/AnimationClips/@EllenStrafe90LeftRunBackward.fbx using Guid(d5d602a570f72dd40a65bb246d70db53) Importer(815301076,1909f56bfc062723c751e8b465ee728b)  -> (artifact id: 'c2ecc9759535533c268dd9ffc752f872') in 0.042821 seconds
  Import took 0.046023 seconds .

========================================================================
Received Import Request.
  Time since last request: 0.000237 seconds.
  path: Assets/3D Game Kit - Character Pack/Characters/Ellen/AnimationClips/@EllenStationaryToWalkForward.fbx
  artifactKey: Guid(d0bc6dfe2e7d2314a85951fa6f05b0f9) Importer(815301076,1909f56bfc062723c751e8b465ee728b)
Start importing Assets/3D Game Kit - Character Pack/Characters/Ellen/AnimationClips/@EllenStationaryToWalkForward.fbx using Guid(d0bc6dfe2e7d2314a85951fa6f05b0f9) Importer(815301076,1909f56bfc062723c751e8b465ee728b)  -> (artifact id: 'ac460e4284f537f72eac001519da836e') in 0.035732 seconds
  Import took 0.038316 seconds .

========================================================================
Received Import Request.
  Time since last request: 0.000179 seconds.
  path: Assets/3D Game Kit - Character Pack/Characters/Ellen/AnimationClips/@EllenRandomIdle2.fbx
  artifactKey: Guid(da8a135eea6ec3c4ea78d2932814c4dd) Importer(815301076,1909f56bfc062723c751e8b465ee728b)
Start importing Assets/3D Game Kit - Character Pack/Characters/Ellen/AnimationClips/@EllenRandomIdle2.fbx using Guid(da8a135eea6ec3c4ea78d2932814c4dd) Importer(815301076,1909f56bfc062723c751e8b465ee728b)  -> (artifact id: 'd60815053cc3fca12a6cf2c924507752') in 0.046288 seconds
  Import took 0.048561 seconds .

========================================================================
Received Import Request.
  Time since last request: 0.000221 seconds.
  path: Assets/3D Game Kit - Character Pack/Characters/Ellen/AnimationClips/@EllenQuickTurnLeft.fbx
  artifactKey: Guid(a9d04fff68c607a4e88339bdff08268e) Importer(815301076,1909f56bfc062723c751e8b465ee728b)
Start importing Assets/3D Game Kit - Character Pack/Characters/Ellen/AnimationClips/@EllenQuickTurnLeft.fbx using Guid(a9d04fff68c607a4e88339bdff08268e) Importer(815301076,1909f56bfc062723c751e8b465ee728b)  -> (artifact id: '926e40a00e370306ae2e171f407e4e66') in 0.043210 seconds
  Import took 0.045549 seconds .

========================================================================
Received Import Request.
  Time since last request: 0.000250 seconds.
  path: Assets/3D Game Kit - Character Pack/Characters/Ellen/AnimationClips/@EllenTurnOnSpotRight90.fbx
  artifactKey: Guid(4008c9d5a93ce2e4bbfa153c963696d0) Importer(815301076,1909f56bfc062723c751e8b465ee728b)
Start importing Assets/3D Game Kit - Character Pack/Characters/Ellen/AnimationClips/@EllenTurnOnSpotRight90.fbx using Guid(4008c9d5a93ce2e4bbfa153c963696d0) Importer(815301076,1909f56bfc062723c751e8b465ee728b)  -> (artifact id: '91d968e5f53b816edc7a73c37ece0ead') in 0.051845 seconds
  Import took 0.060970 seconds .

========================================================================
Received Import Request.
  Time since last request: 0.000493 seconds.
  path: Assets/3D Game Kit - Character Pack/Characters/Ellen/AnimationClips/@EllenCombo2.fbx
  artifactKey: Guid(506fbaf36141f7842ad5ad583349cc87) Importer(815301076,1909f56bfc062723c751e8b465ee728b)
Start importing Assets/3D Game Kit - Character Pack/Characters/Ellen/AnimationClips/@EllenCombo2.fbx using Guid(506fbaf36141f7842ad5ad583349cc87) Importer(815301076,1909f56bfc062723c751e8b465ee728b)  -> (artifact id: '73c7a2db68ac40f98afb0c32594dde58') in 0.047651 seconds
  Import took 0.051421 seconds .

========================================================================
Received Import Request.
  Time since last request: 0.000224 seconds.
  path: Assets/3D Game Kit - Character Pack/Characters/Ellen/AnimationClips/@EllenCombo4.fbx
  artifactKey: Guid(6fd1fb8479e6a994f9e4cc7fb79d2ac2) Importer(815301076,1909f56bfc062723c751e8b465ee728b)
Start importing Assets/3D Game Kit - Character Pack/Characters/Ellen/AnimationClips/@EllenCombo4.fbx using Guid(6fd1fb8479e6a994f9e4cc7fb79d2ac2) Importer(815301076,1909f56bfc062723c751e8b465ee728b)  -> (artifact id: '379d807b4eae8e9804ab809b15993e66') in 0.035674 seconds
  Import took 0.037860 seconds .

========================================================================
Received Import Request.
  Time since last request: 0.000248 seconds.
  path: Assets/3D Game Kit - Character Pack/Characters/Ellen/AnimationClips/@EllenRunBackward.fbx
  artifactKey: Guid(fc7d28091fde6ea49a66fed092cff1ed) Importer(815301076,1909f56bfc062723c751e8b465ee728b)
Start importing Assets/3D Game Kit - Character Pack/Characters/Ellen/AnimationClips/@EllenRunBackward.fbx using Guid(fc7d28091fde6ea49a66fed092cff1ed) Importer(815301076,1909f56bfc062723c751e8b465ee728b)  -> (artifact id: '12bdfb36c5d24303d68adcf2da766283') in 0.045028 seconds
  Import took 0.047506 seconds .

========================================================================
Received Import Request.
  Time since last request: 0.000238 seconds.
  path: Assets/3D Game Kit - Character Pack/Characters/Ellen/AnimationClips/@EllenStrafe90RightBackward.fbx
  artifactKey: Guid(6ed74bb6d6a6bc04ca728087be4b6ecd) Importer(815301076,1909f56bfc062723c751e8b465ee728b)
Start importing Assets/3D Game Kit - Character Pack/Characters/Ellen/AnimationClips/@EllenStrafe90RightBackward.fbx using Guid(6ed74bb6d6a6bc04ca728087be4b6ecd) Importer(815301076,1909f56bfc062723c751e8b465ee728b)  -> (artifact id: '7a3cf16427545a2313ac95a154c570fa') in 0.044762 seconds
  Import took 0.047072 seconds .

========================================================================
Received Import Request.
  Time since last request: 0.000190 seconds.
  path: Assets/3D Game Kit - Character Pack/Characters/Ellen/AnimationClips/@EllenRunForward.fbx
  artifactKey: Guid(591b8bf650e73d641a396d03b9f6af89) Importer(815301076,1909f56bfc062723c751e8b465ee728b)
Start importing Assets/3D Game Kit - Character Pack/Characters/Ellen/AnimationClips/@EllenRunForward.fbx using Guid(591b8bf650e73d641a396d03b9f6af89) Importer(815301076,1909f56bfc062723c751e8b465ee728b)  -> (artifact id: '4a4ab74df4ec7c12c398f081e88ec033') in 0.053706 seconds
  Import took 0.056766 seconds .

========================================================================
Received Import Request.
  Time since last request: 0.000267 seconds.
  path: Assets/3D Game Kit - Character Pack/Characters/Ellen/AnimationClips/@EllenIdle.fbx
  artifactKey: Guid(83b647f9ffea82b4a9680e016dec2197) Importer(815301076,1909f56bfc062723c751e8b465ee728b)
Start importing Assets/3D Game Kit - Character Pack/Characters/Ellen/AnimationClips/@EllenIdle.fbx using Guid(83b647f9ffea82b4a9680e016dec2197) Importer(815301076,1909f56bfc062723c751e8b465ee728b)  -> (artifact id: 'da7fe446ad592c419f1587938420bb39') in 0.041673 seconds
  Import took 0.044334 seconds .

========================================================================
Received Import Request.
  Time since last request: 0.000244 seconds.
  path: Assets/3D Game Kit - Character Pack/Characters/Ellen/AnimationClips/@EllenGunPutAway.fbx
  artifactKey: Guid(3fca713ac647fc742a74a4aa7922c425) Importer(815301076,1909f56bfc062723c751e8b465ee728b)
Start importing Assets/3D Game Kit - Character Pack/Characters/Ellen/AnimationClips/@EllenGunPutAway.fbx using Guid(3fca713ac647fc742a74a4aa7922c425) Importer(815301076,1909f56bfc062723c751e8b465ee728b)  -> (artifact id: '9ce1077153e88eacccaf2484e7d53e5d') in 0.040661 seconds
  Import took 0.043325 seconds .

========================================================================
Received Import Request.
  Time since last request: 0.000260 seconds.
  path: Assets/3D Game Kit - Character Pack/Characters/Ellen/AnimationClips/@EllenRunForwardBackwardTransition.fbx
  artifactKey: Guid(7f7de4b0c45098b4bb8c8a28c32699f1) Importer(815301076,1909f56bfc062723c751e8b465ee728b)
Start importing Assets/3D Game Kit - Character Pack/Characters/Ellen/AnimationClips/@EllenRunForwardBackwardTransition.fbx using Guid(7f7de4b0c45098b4bb8c8a28c32699f1) Importer(815301076,1909f56bfc062723c751e8b465ee728b)  -> (artifact id: '2de5b6a363fc9a4fcf6f451065c256cf') in 0.046352 seconds
  Import took 0.048800 seconds .

========================================================================
Received Import Request.
  Time since last request: 0.000211 seconds.
  path: Assets/3D Game Kit - Character Pack/Characters/Ellen/AnimationClips/@EllenHitFront.fbx
  artifactKey: Guid(62b2a28a812b9b146916a9cd1a84f0e3) Importer(815301076,1909f56bfc062723c751e8b465ee728b)
Start importing Assets/3D Game Kit - Character Pack/Characters/Ellen/AnimationClips/@EllenHitFront.fbx using Guid(62b2a28a812b9b146916a9cd1a84f0e3) Importer(815301076,1909f56bfc062723c751e8b465ee728b)  -> (artifact id: '0df0ab4aa0169ffd721bf245d2319259') in 0.041528 seconds
  Import took 0.043878 seconds .

========================================================================
Received Import Request.
  Time since last request: 0.000230 seconds.
  path: Assets/3D Game Kit - Character Pack/Characters/Ellen/AnimationClips/@EllenJump.fbx
  artifactKey: Guid(1bbe72df8c2b6af46bfbadad72175372) Importer(815301076,1909f56bfc062723c751e8b465ee728b)
Start importing Assets/3D Game Kit - Character Pack/Characters/Ellen/AnimationClips/@EllenJump.fbx using Guid(1bbe72df8c2b6af46bfbadad72175372) Importer(815301076,1909f56bfc062723c751e8b465ee728b)  -> (artifact id: 'bd7b3ed47313d5523354449ff006f7b9') in 0.044646 seconds
  Import took 0.047226 seconds .

========================================================================
Received Import Request.
  Time since last request: 0.000238 seconds.
  path: Assets/3D Game Kit - Character Pack/Characters/Ellen/AnimationClips/@EllenStationaryToTurn180RightRun.fbx
  artifactKey: Guid(f1a866e67d58e854bb2cfdd96e631327) Importer(815301076,1909f56bfc062723c751e8b465ee728b)
Start importing Assets/3D Game Kit - Character Pack/Characters/Ellen/AnimationClips/@EllenStationaryToTurn180RightRun.fbx using Guid(f1a866e67d58e854bb2cfdd96e631327) Importer(815301076,1909f56bfc062723c751e8b465ee728b)  -> (artifact id: 'fdadf28efe7656492af37bfd62c3d294') in 0.045937 seconds
  Import took 0.048597 seconds .

========================================================================
Received Import Request.
  Time since last request: 0.000231 seconds.
  path: Assets/3D Game Kit - Character Pack/Characters/Ellen/AnimationClips/@EllenRunForwardLanding.fbx
  artifactKey: Guid(69d6fb34dcfd40d47b53a45b6666faa6) Importer(815301076,1909f56bfc062723c751e8b465ee728b)
Start importing Assets/3D Game Kit - Character Pack/Characters/Ellen/AnimationClips/@EllenRunForwardLanding.fbx using Guid(69d6fb34dcfd40d47b53a45b6666faa6) Importer(815301076,1909f56bfc062723c751e8b465ee728b)  -> (artifact id: '2a7a9b5570d99af769c40ba098c8c69d') in 0.043380 seconds
  Import took 0.046210 seconds .

========================================================================
Received Import Request.
  Time since last request: 0.000271 seconds.
  path: Assets/3D Game Kit - Character Pack/Characters/Ellen/AnimationClips/@EllenStationaryToTurn90RightWalk.fbx
  artifactKey: Guid(c8577a90f79f06842becdb9853f5e672) Importer(815301076,1909f56bfc062723c751e8b465ee728b)
Start importing Assets/3D Game Kit - Character Pack/Characters/Ellen/AnimationClips/@EllenStationaryToTurn90RightWalk.fbx using Guid(c8577a90f79f06842becdb9853f5e672) Importer(815301076,1909f56bfc062723c751e8b465ee728b)  -> (artifact id: '2d95845d53d9cee05d252e510f36df13') in 0.039251 seconds
  Import took 0.041843 seconds .

========================================================================
Received Import Request.
  Time since last request: 0.000230 seconds.
  path: Assets/3D Game Kit - Character Pack/Characters/Ellen/AnimationClips/@EllenDeath.fbx
  artifactKey: Guid(75c0b8ca7a51b3544a4af8381af8db0b) Importer(815301076,1909f56bfc062723c751e8b465ee728b)
Start importing Assets/3D Game Kit - Character Pack/Characters/Ellen/AnimationClips/@EllenDeath.fbx using Guid(75c0b8ca7a51b3544a4af8381af8db0b) Importer(815301076,1909f56bfc062723c751e8b465ee728b)  -> (artifact id: 'cc990e40dac67f15ffde318aa0414919') in 0.042733 seconds
  Import took 0.045655 seconds .

========================================================================
Received Import Request.
  Time since last request: 0.000280 seconds.
  path: Assets/3D Game Kit - Character Pack/Characters/Ellen/AnimationClips/@EllenStationaryToTurn180RightWalk.fbx
  artifactKey: Guid(967b6f580024ca041b7c2205ffb8f433) Importer(815301076,1909f56bfc062723c751e8b465ee728b)
Start importing Assets/3D Game Kit - Character Pack/Characters/Ellen/AnimationClips/@EllenStationaryToTurn180RightWalk.fbx using Guid(967b6f580024ca041b7c2205ffb8f433) Importer(815301076,1909f56bfc062723c751e8b465ee728b)  -> (artifact id: 'f5ff54b92dba1f210d85880cf9b58671') in 0.044646 seconds
  Import took 0.047475 seconds .

========================================================================
Received Import Request.
  Time since last request: 0.000199 seconds.
  path: Assets/3D Game Kit - Character Pack/Characters/Ellen/AnimationClips/@EllenHitLeft.fbx
  artifactKey: Guid(e9ceeb0bdca44b94a8aaefe78d7107cc) Importer(815301076,1909f56bfc062723c751e8b465ee728b)
Start importing Assets/3D Game Kit - Character Pack/Characters/Ellen/AnimationClips/@EllenHitLeft.fbx using Guid(e9ceeb0bdca44b94a8aaefe78d7107cc) Importer(815301076,1909f56bfc062723c751e8b465ee728b)  -> (artifact id: '28338079f02997b3e471d41fc2593830') in 0.049395 seconds
  Import took 0.051710 seconds .

========================================================================
Received Import Request.
  Time since last request: 0.000178 seconds.
  path: Assets/3D Game Kit - Character Pack/Characters/Ellen/AnimationClips/@EllenCombo3.fbx
  artifactKey: Guid(d0d401bb3fc68574296f7ff69e81546c) Importer(815301076,1909f56bfc062723c751e8b465ee728b)
Start importing Assets/3D Game Kit - Character Pack/Characters/Ellen/AnimationClips/@EllenCombo3.fbx using Guid(d0d401bb3fc68574296f7ff69e81546c) Importer(815301076,1909f56bfc062723c751e8b465ee728b)  -> (artifact id: '331148e3564c135522f2d7c98470c317') in 0.038106 seconds
  Import took 0.040376 seconds .

========================================================================
Received Import Request.
  Time since last request: 0.000211 seconds.
  path: Assets/3D Game Kit - Character Pack/Characters/Ellen/AnimationClips/@EllenTurnOnSpotRight45.fbx
  artifactKey: Guid(b005565d63cd1a943b59195c8231f995) Importer(815301076,1909f56bfc062723c751e8b465ee728b)
Start importing Assets/3D Game Kit - Character Pack/Characters/Ellen/AnimationClips/@EllenTurnOnSpotRight45.fbx using Guid(b005565d63cd1a943b59195c8231f995) Importer(815301076,1909f56bfc062723c751e8b465ee728b)  -> (artifact id: '60bc4f1ec0aa20aee086aaf195452cc6') in 0.038788 seconds
  Import took 0.041291 seconds .

========================================================================
Received Import Request.
  Time since last request: 0.000244 seconds.
  path: Assets/3D Game Kit - Character Pack/Characters/Ellen/AnimationClips/@EllenHitBackRight.fbx
  artifactKey: Guid(b895cfd7745f48346bc5b542aa1a0e26) Importer(815301076,1909f56bfc062723c751e8b465ee728b)
Start importing Assets/3D Game Kit - Character Pack/Characters/Ellen/AnimationClips/@EllenHitBackRight.fbx using Guid(b895cfd7745f48346bc5b542aa1a0e26) Importer(815301076,1909f56bfc062723c751e8b465ee728b)  -> (artifact id: '113ed55821ec3f34298511261ab5ad7d') in 0.042786 seconds
  Import took 0.045287 seconds .

========================================================================
Received Import Request.
  Time since last request: 0.000220 seconds.
  path: Assets/3D Game Kit - Character Pack/Characters/Ellen/AnimationClips/@EllenRandomIdle3.fbx
  artifactKey: Guid(6bddc2fb042e88f4190b861b198db1d4) Importer(815301076,1909f56bfc062723c751e8b465ee728b)
Start importing Assets/3D Game Kit - Character Pack/Characters/Ellen/AnimationClips/@EllenRandomIdle3.fbx using Guid(6bddc2fb042e88f4190b861b198db1d4) Importer(815301076,1909f56bfc062723c751e8b465ee728b)  -> (artifact id: 'adf9dce8cd8a2fe27e5078e36abf5942') in 0.040932 seconds
  Import took 0.043368 seconds .

========================================================================
Received Import Request.
  Time since last request: 0.000235 seconds.
  path: Assets/3D Game Kit - Character Pack/Characters/Ellen/AnimationClips/@EllenStationaryToTurn90LeftRun.fbx
  artifactKey: Guid(2e6750cd6e0130946a094ddae3cec953) Importer(815301076,1909f56bfc062723c751e8b465ee728b)
Start importing Assets/3D Game Kit - Character Pack/Characters/Ellen/AnimationClips/@EllenStationaryToTurn90LeftRun.fbx using Guid(2e6750cd6e0130946a094ddae3cec953) Importer(815301076,1909f56bfc062723c751e8b465ee728b)  -> (artifact id: '5b7e6443b32cf45c041154d9ecc2d4a2') in 0.047842 seconds
  Import took 0.052009 seconds .

========================================================================
Received Import Request.
  Time since last request: 0.000252 seconds.
  path: Assets/3D Game Kit - Character Pack/Characters/Ellen/AnimationClips/@EllenStationaryToTurn180LeftWalk.fbx
  artifactKey: Guid(888c68e83ca1a1f4fbcef4fb038a3498) Importer(815301076,1909f56bfc062723c751e8b465ee728b)
Start importing Assets/3D Game Kit - Character Pack/Characters/Ellen/AnimationClips/@EllenStationaryToTurn180LeftWalk.fbx using Guid(888c68e83ca1a1f4fbcef4fb038a3498) Importer(815301076,1909f56bfc062723c751e8b465ee728b)  -> (artifact id: 'a504f189dc274445298a95c2e458fb5f') in 0.032301 seconds
  Import took 0.035647 seconds .

========================================================================
Received Import Request.
  Time since last request: 0.000210 seconds.
  path: Assets/3D Game Kit - Character Pack/Characters/Ellen/AnimationClips/@EllenStationaryToRunForward.fbx
  artifactKey: Guid(9e5e0bf7083ea6f43be5801e4da5f0ad) Importer(815301076,1909f56bfc062723c751e8b465ee728b)
Start importing Assets/3D Game Kit - Character Pack/Characters/Ellen/AnimationClips/@EllenStationaryToRunForward.fbx using Guid(9e5e0bf7083ea6f43be5801e4da5f0ad) Importer(815301076,1909f56bfc062723c751e8b465ee728b)  -> (artifact id: '610212e824fe62583ca1154bb84638ca') in 0.056895 seconds
  Import took 0.060526 seconds .

========================================================================
Received Import Request.
  Time since last request: 0.000288 seconds.
  path: Assets/3D Game Kit - Character Pack/Characters/Ellen/AnimationClips/@EllenStrafeWalkBackward.fbx
  artifactKey: Guid(72ccc97c139729742bbbdf4ebf0a7265) Importer(815301076,1909f56bfc062723c751e8b465ee728b)
Start importing Assets/3D Game Kit - Character Pack/Characters/Ellen/AnimationClips/@EllenStrafeWalkBackward.fbx using Guid(72ccc97c139729742bbbdf4ebf0a7265) Importer(815301076,1909f56bfc062723c751e8b465ee728b)  -> (artifact id: '70ae14f11b65290fda842163ca07dc7d') in 0.044970 seconds
  Import took 0.047669 seconds .

========================================================================
Received Import Request.
  Time since last request: 0.000250 seconds.
  path: Assets/3D Game Kit - Character Pack/Characters/Ellen/AnimationClips/@EllenTurnOnSpotLeft180.fbx
  artifactKey: Guid(faa7022c83412e84faffe7b8e9f965de) Importer(815301076,1909f56bfc062723c751e8b465ee728b)
Start importing Assets/3D Game Kit - Character Pack/Characters/Ellen/AnimationClips/@EllenTurnOnSpotLeft180.fbx using Guid(faa7022c83412e84faffe7b8e9f965de) Importer(815301076,1909f56bfc062723c751e8b465ee728b)  -> (artifact id: '309a8fb4bb0d9b0516e7223e2e989bcc') in 0.048461 seconds
  Import took 0.051573 seconds .

========================================================================
Received Import Request.
  Time since last request: 0.000296 seconds.
  path: Assets/3D Game Kit - Character Pack/Characters/Ellen/AnimationClips/@EllenQuickTurnRight.fbx
  artifactKey: Guid(3aa06abc72aea9e4bb96a7adbc69536b) Importer(815301076,1909f56bfc062723c751e8b465ee728b)
Start importing Assets/3D Game Kit - Character Pack/Characters/Ellen/AnimationClips/@EllenQuickTurnRight.fbx using Guid(3aa06abc72aea9e4bb96a7adbc69536b) Importer(815301076,1909f56bfc062723c751e8b465ee728b)  -> (artifact id: 'b6dd442112b9db1c22f598a19dfeafb9') in 0.048190 seconds
  Import took 0.051037 seconds .

========================================================================
Received Import Request.
  Time since last request: 0.000226 seconds.
  path: Assets/3D Game Kit - Character Pack/Characters/Ellen/AnimationClips/@EllenGunShoot.fbx
  artifactKey: Guid(60b35be23e16e5746972444b244460e0) Importer(815301076,1909f56bfc062723c751e8b465ee728b)
Start importing Assets/3D Game Kit - Character Pack/Characters/Ellen/AnimationClips/@EllenGunShoot.fbx using Guid(60b35be23e16e5746972444b244460e0) Importer(815301076,1909f56bfc062723c751e8b465ee728b)  -> (artifact id: '1abd5a0306fa0f9e0c5605cbbae8c8ec') in 0.052131 seconds
  Import took 0.054874 seconds .

========================================================================
Received Import Request.
  Time since last request: 0.000240 seconds.
  path: Assets/3D Game Kit - Character Pack/Characters/Ellen/AnimationClips/@EllenHitFrontLeft.fbx
  artifactKey: Guid(b7e13748b64e49b438b795a58809535e) Importer(815301076,1909f56bfc062723c751e8b465ee728b)
Start importing Assets/3D Game Kit - Character Pack/Characters/Ellen/AnimationClips/@EllenHitFrontLeft.fbx using Guid(b7e13748b64e49b438b795a58809535e) Importer(815301076,1909f56bfc062723c751e8b465ee728b)  -> (artifact id: '87e5761848c0574640097ae7ff130d5e') in 0.059935 seconds
  Import took 0.063871 seconds .

========================================================================
Received Import Request.
  Time since last request: 0.000320 seconds.
  path: Assets/3D Game Kit - Character Pack/Characters/Ellen/AnimationClips/@EllenStationaryToTurn90LeftWalk.fbx
  artifactKey: Guid(634a692c84f454f4daf76eef5f14d68d) Importer(815301076,1909f56bfc062723c751e8b465ee728b)
Start importing Assets/3D Game Kit - Character Pack/Characters/Ellen/AnimationClips/@EllenStationaryToTurn90LeftWalk.fbx using Guid(634a692c84f454f4daf76eef5f14d68d) Importer(815301076,1909f56bfc062723c751e8b465ee728b)  -> (artifact id: 'acf4bd8dbce447971ef5deda14490ee4') in 0.041961 seconds
  Import took 0.048044 seconds .

========================================================================
Received Import Request.
  Time since last request: 0.000194 seconds.
  path: Assets/3D Game Kit - Character Pack/Characters/Ellen/AnimationClips/@EllenTurnOnSpotLeft45.fbx
  artifactKey: Guid(effcf99bf27527d4bb60e6ea50c792e9) Importer(815301076,1909f56bfc062723c751e8b465ee728b)
Start importing Assets/3D Game Kit - Character Pack/Characters/Ellen/AnimationClips/@EllenTurnOnSpotLeft45.fbx using Guid(effcf99bf27527d4bb60e6ea50c792e9) Importer(815301076,1909f56bfc062723c751e8b465ee728b)  -> (artifact id: '1c7f3f20256fccd44da63619f101b4e9') in 0.054287 seconds
  Import took 0.057343 seconds .

========================================================================
Received Import Request.
  Time since last request: 0.000258 seconds.
  path: Assets/3D Game Kit - Character Pack/Characters/Ellen/AnimationClips/@EllenHitBack.fbx
  artifactKey: Guid(ef55d1093a664e447940f6fade733a6d) Importer(815301076,1909f56bfc062723c751e8b465ee728b)
Start importing Assets/3D Game Kit - Character Pack/Characters/Ellen/AnimationClips/@EllenHitBack.fbx using Guid(ef55d1093a664e447940f6fade733a6d) Importer(815301076,1909f56bfc062723c751e8b465ee728b)  -> (artifact id: 'da629a24ca98074ddd9702cda63e0820') in 0.045831 seconds
  Import took 0.048434 seconds .

========================================================================
Received Import Request.
  Time since last request: 0.000220 seconds.
  path: Assets/3D Game Kit - Character Pack/Characters/Ellen/AnimationClips/@EllenHitBackLeft.fbx
  artifactKey: Guid(d23b5a928bc7a32438c1c802c144007f) Importer(815301076,1909f56bfc062723c751e8b465ee728b)
Start importing Assets/3D Game Kit - Character Pack/Characters/Ellen/AnimationClips/@EllenHitBackLeft.fbx using Guid(d23b5a928bc7a32438c1c802c144007f) Importer(815301076,1909f56bfc062723c751e8b465ee728b)  -> (artifact id: '110aaf8b06d43b85fec68a65acd7c624') in 0.042957 seconds
  Import took 0.045675 seconds .

========================================================================
Received Import Request.
  Time since last request: 0.000318 seconds.
  path: Assets/3D Game Kit - Character Pack/Characters/Ellen/AnimationClips/@EllenIdleLandFast.fbx
  artifactKey: Guid(e6a235e8d3cc58747881167cd3742502) Importer(815301076,1909f56bfc062723c751e8b465ee728b)
Start importing Assets/3D Game Kit - Character Pack/Characters/Ellen/AnimationClips/@EllenIdleLandFast.fbx using Guid(e6a235e8d3cc58747881167cd3742502) Importer(815301076,1909f56bfc062723c751e8b465ee728b)  -> (artifact id: '9a14d78baecfa6ebca89be95a6a68f2a') in 0.041711 seconds
  Import took 0.044307 seconds .

========================================================================
Received Import Request.
  Time since last request: 0.000213 seconds.
  path: Assets/3D Game Kit - Character Pack/Characters/Ellen/AnimationClips/@EllenStationaryToTurn180LeftRun.fbx
  artifactKey: Guid(23e8fd4601309de4fbbd93bd4b6c1afd) Importer(815301076,1909f56bfc062723c751e8b465ee728b)
Start importing Assets/3D Game Kit - Character Pack/Characters/Ellen/AnimationClips/@EllenStationaryToTurn180LeftRun.fbx using Guid(23e8fd4601309de4fbbd93bd4b6c1afd) Importer(815301076,1909f56bfc062723c751e8b465ee728b)  -> (artifact id: 'bd664c2f85016cd06b8ec69c0046ec4b') in 0.049243 seconds
  Import took 0.051651 seconds .

========================================================================
Received Import Request.
  Time since last request: 0.000209 seconds.
  path: Assets/3D Game Kit - Character Pack/Characters/Ellen/AnimationClips/@EllenRandomIdle1.fbx
  artifactKey: Guid(e7f8d149f8d7e5242a52e530f0782e92) Importer(815301076,1909f56bfc062723c751e8b465ee728b)
Start importing Assets/3D Game Kit - Character Pack/Characters/Ellen/AnimationClips/@EllenRandomIdle1.fbx using Guid(e7f8d149f8d7e5242a52e530f0782e92) Importer(815301076,1909f56bfc062723c751e8b465ee728b)  -> (artifact id: '78d462a07a1846c935c8c4e61e09db07') in 0.060092 seconds
  Import took 0.062940 seconds .

========================================================================
Received Import Request.
  Time since last request: 0.000280 seconds.
  path: Assets/3D Game Kit - Character Pack/Characters/Ellen/AnimationClips/@EllenSpawn.fbx
  artifactKey: Guid(118c1440644eccb46ba5d8a2657a9556) Importer(815301076,1909f56bfc062723c751e8b465ee728b)
Start importing Assets/3D Game Kit - Character Pack/Characters/Ellen/AnimationClips/@EllenSpawn.fbx using Guid(118c1440644eccb46ba5d8a2657a9556) Importer(815301076,1909f56bfc062723c751e8b465ee728b)  -> (artifact id: '6b771c8e574dd1d0451e9f8ba646026b') in 0.065486 seconds
  Import took 0.069076 seconds .

========================================================================
Received Import Request.
  Time since last request: 0.000280 seconds.
  path: Assets/3D Game Kit - Character Pack/Characters/Ellen/AnimationClips/@EllenRunForwardLandingFast.fbx
  artifactKey: Guid(74640275d27b66a4fa863f592bb4a792) Importer(815301076,1909f56bfc062723c751e8b465ee728b)
Start importing Assets/3D Game Kit - Character Pack/Characters/Ellen/AnimationClips/@EllenRunForwardLandingFast.fbx using Guid(74640275d27b66a4fa863f592bb4a792) Importer(815301076,1909f56bfc062723c751e8b465ee728b)  -> (artifact id: '5d6cbf8cf68826a99802cd249ee77c30') in 0.043803 seconds
  Import took 0.046750 seconds .

========================================================================
Received Import Request.
  Time since last request: 0.000180 seconds.
  path: Assets/3D Game Kit - Character Pack/Characters/Ellen/AnimationClips/@EllenStationaryToTurn90RightRun.fbx
  artifactKey: Guid(b7af0645675cb8f46b8668fdd8c1c17c) Importer(815301076,1909f56bfc062723c751e8b465ee728b)
Start importing Assets/3D Game Kit - Character Pack/Characters/Ellen/AnimationClips/@EllenStationaryToTurn90RightRun.fbx using Guid(b7af0645675cb8f46b8668fdd8c1c17c) Importer(815301076,1909f56bfc062723c751e8b465ee728b)  -> (artifact id: '363bb7df40e00319a5fa139bf4aa79ed') in 0.050680 seconds
  Import took 0.053877 seconds .

========================================================================
Received Import Request.
  Time since last request: 0.000287 seconds.
  path: Assets/3D Game Kit - Character Pack/Characters/Ellen/AnimationClips/@EllenStrafe90RightRunBackward.fbx
  artifactKey: Guid(81c1dcd989841b24c84639b687b6acdc) Importer(815301076,1909f56bfc062723c751e8b465ee728b)
Start importing Assets/3D Game Kit - Character Pack/Characters/Ellen/AnimationClips/@EllenStrafe90RightRunBackward.fbx using Guid(81c1dcd989841b24c84639b687b6acdc) Importer(815301076,1909f56bfc062723c751e8b465ee728b)  -> (artifact id: '56d4e9091a5d384f769ebb74dec6a7d8') in 0.043272 seconds
  Import took 0.049461 seconds .

========================================================================
Received Import Request.
  Time since last request: 0.000251 seconds.
  path: Assets/3D Game Kit - Character Pack/Characters/Ellen/AnimationClips/@EllenGunTakeOut.fbx
  artifactKey: Guid(e3a5ef9c462aa6148905797ad21cea01) Importer(815301076,1909f56bfc062723c751e8b465ee728b)
Start importing Assets/3D Game Kit - Character Pack/Characters/Ellen/AnimationClips/@EllenGunTakeOut.fbx using Guid(e3a5ef9c462aa6148905797ad21cea01) Importer(815301076,1909f56bfc062723c751e8b465ee728b)  -> (artifact id: 'a716b03b6f8910fe1c9d781b124e3464') in 0.038194 seconds
  Import took 0.040753 seconds .

========================================================================
Received Import Request.
  Time since last request: 0.000227 seconds.
  path: Assets/3D Game Kit - Character Pack/Characters/Ellen/AnimationClips/@EllenHitRight.fbx
  artifactKey: Guid(354357235aca8884584fd41a973a3882) Importer(815301076,1909f56bfc062723c751e8b465ee728b)
Start importing Assets/3D Game Kit - Character Pack/Characters/Ellen/AnimationClips/@EllenHitRight.fbx using Guid(354357235aca8884584fd41a973a3882) Importer(815301076,1909f56bfc062723c751e8b465ee728b)  -> (artifact id: '40f4c8f8a7cb248c277463ae5b1889b7') in 0.042089 seconds
  Import took 0.044552 seconds .

========================================================================
Received Import Request.
  Time since last request: 0.000274 seconds.
  path: Assets/3D Game Kit - Character Pack/Characters/Ellen/AnimationClips/@EllenTurnOnSpotLeft90.fbx
  artifactKey: Guid(6e36c05719123cf4d8f2981e1ce637ca) Importer(815301076,1909f56bfc062723c751e8b465ee728b)
Start importing Assets/3D Game Kit - Character Pack/Characters/Ellen/AnimationClips/@EllenTurnOnSpotLeft90.fbx using Guid(6e36c05719123cf4d8f2981e1ce637ca) Importer(815301076,1909f56bfc062723c751e8b465ee728b)  -> (artifact id: '6809feb7adf9bc18e2a31da3a886d951') in 0.050882 seconds
  Import took 0.054890 seconds .

========================================================================
Received Import Request.
  Time since last request: 5.161493 seconds.
  path: Assets/3D Game Kit - Character Pack/Characters/Ellen/AnimationClips/@EllenTurnOnSpotRight135.fbx
  artifactKey: Guid(c5164fe4906b93a41944c80c94a7cdb0) Importer(815301076,1909f56bfc062723c751e8b465ee728b)
Start importing Assets/3D Game Kit - Character Pack/Characters/Ellen/AnimationClips/@EllenTurnOnSpotRight135.fbx using Guid(c5164fe4906b93a41944c80c94a7cdb0) Importer(815301076,1909f56bfc062723c751e8b465ee728b)  -> (artifact id: '6f15146e1ae76a72e9ce418add6bde7b') in 0.043738 seconds
  Import took 0.051652 seconds .

========================================================================
Received Import Request.
  Time since last request: 0.000295 seconds.
  path: Assets/3D Game Kit - Character Pack/Characters/Ellen/AnimationClips/@EllenWalkForwardsLanding.fbx
  artifactKey: Guid(51bed775c3e211e4d9fd33e30054478b) Importer(815301076,1909f56bfc062723c751e8b465ee728b)
Start importing Assets/3D Game Kit - Character Pack/Characters/Ellen/AnimationClips/@EllenWalkForwardsLanding.fbx using Guid(51bed775c3e211e4d9fd33e30054478b) Importer(815301076,1909f56bfc062723c751e8b465ee728b)  -> (artifact id: '4ddf096c40bbf09aeadd8c79effe9608') in 0.058254 seconds
  Import took 0.061778 seconds .

========================================================================
Received Import Request.
  Time since last request: 0.000335 seconds.
  path: Assets/3D Game Kit - Character Pack/Characters/Ellen/AnimationClips/@EllenTurnOnSpotRight180.fbx
  artifactKey: Guid(e1cce0de453816e4282371b40dc4f5e9) Importer(815301076,1909f56bfc062723c751e8b465ee728b)
Start importing Assets/3D Game Kit - Character Pack/Characters/Ellen/AnimationClips/@EllenTurnOnSpotRight180.fbx using Guid(e1cce0de453816e4282371b40dc4f5e9) Importer(815301076,1909f56bfc062723c751e8b465ee728b)  -> (artifact id: '4734414431b0cc3acdc3c1975c57b110') in 0.044830 seconds
  Import took 0.048467 seconds .

========================================================================
Received Import Request.
  Time since last request: 0.000287 seconds.
  path: Assets/3D Game Kit - Character Pack/Characters/Ellen/AnimationClips/@EllenWalkForward.fbx
  artifactKey: Guid(9d703e84815204b499c34db7f9ec5cd9) Importer(815301076,1909f56bfc062723c751e8b465ee728b)
Start importing Assets/3D Game Kit - Character Pack/Characters/Ellen/AnimationClips/@EllenWalkForward.fbx using Guid(9d703e84815204b499c34db7f9ec5cd9) Importer(815301076,1909f56bfc062723c751e8b465ee728b)  -> (artifact id: 'a37695c5ac41b0e3f7f99b99cb4b34ec') in 0.044213 seconds
  Import took 0.046949 seconds .

========================================================================
Received Import Request.
  Time since last request: 0.000229 seconds.
  path: Assets/3D Game Kit - Character Pack/Characters/Ellen/AnimationClips/@EllenWalkBackward.fbx
  artifactKey: Guid(899aeaa13b49d6045ae7c2d4420eef79) Importer(815301076,1909f56bfc062723c751e8b465ee728b)
Start importing Assets/3D Game Kit - Character Pack/Characters/Ellen/AnimationClips/@EllenWalkBackward.fbx using Guid(899aeaa13b49d6045ae7c2d4420eef79) Importer(815301076,1909f56bfc062723c751e8b465ee728b)  -> (artifact id: '5e2ab7efb3f9f5f1cf18a05d10f8b008') in 0.046356 seconds
  Import took 0.049021 seconds .

========================================================================
Received Import Request.
  Time since last request: 12.154894 seconds.
  path: Assets/3D Game Kit - Character Pack/Characters/Ellen/Models/Ellen.fbx
  artifactKey: Guid(a5674d01884853d4e8f2386a171e14d9) Importer(815301076,1909f56bfc062723c751e8b465ee728b)
Start importing Assets/3D Game Kit - Character Pack/Characters/Ellen/Models/Ellen.fbx using Guid(a5674d01884853d4e8f2386a171e14d9) Importer(815301076,1909f56bfc062723c751e8b465ee728b)  -> (artifact id: '84d80ba8403b33c221b1c4e8861ff5fa') in 1.235182 seconds
  Import took 1.243118 seconds .

========================================================================
Received Prepare
Registering precompiled user dll's ...
Registered in 0.003053 seconds.
Begin MonoManager ReloadAssembly
Native extension for WindowsStandalone target not found
Refreshing native plugins compatible for Editor in 0.33 ms, found 2 plugins.
Preloading 0 native plugins for Editor in 0.00 ms.
Mono: successfully reloaded assembly
- Completed reload, in  1.003 seconds
Platform modules already initialized, skipping
Refreshing native plugins compatible for Editor in 0.29 ms, found 2 plugins.
Preloading 0 native plugins for Editor in 0.00 ms.
Unloading 1395 Unused Serialized files (Serialized files now loaded: 0)
System memory in use before: 89.0 MB.
System memory in use after: 87.4 MB.

Unloading 18 unused Assets to reduce memory usage. Loaded Objects now: 1882.
Total: 2.573400 ms (FindLiveObjects: 0.131400 ms CreateObjectMapping: 0.036400 ms MarkObjects: 1.389900 ms  DeleteObjects: 1.014800 ms)

========================================================================
Received Prepare
Registering precompiled user dll's ...
Registered in 0.002920 seconds.
Begin MonoManager ReloadAssembly
Native extension for WindowsStandalone target not found
Refreshing native plugins compatible for Editor in 0.35 ms, found 2 plugins.
Preloading 0 native plugins for Editor in 0.00 ms.
Mono: successfully reloaded assembly
- Completed reload, in  0.836 seconds
Platform modules already initialized, skipping
Refreshing native plugins compatible for Editor in 0.31 ms, found 2 plugins.
Preloading 0 native plugins for Editor in 0.00 ms.
Unloading 1392 Unused Serialized files (Serialized files now loaded: 0)
System memory in use before: 88.6 MB.
System memory in use after: 87.0 MB.

Unloading 17 unused Assets to reduce memory usage. Loaded Objects now: 1885.
Total: 3.021700 ms (FindLiveObjects: 0.156300 ms CreateObjectMapping: 0.035400 ms MarkObjects: 1.704900 ms  DeleteObjects: 1.124300 ms)

========================================================================
Received Prepare
Registering precompiled user dll's ...
Registered in 0.002994 seconds.
Begin MonoManager ReloadAssembly
Native extension for WindowsStandalone target not found
Refreshing native plugins compatible for Editor in 0.31 ms, found 2 plugins.
Preloading 0 native plugins for Editor in 0.00 ms.
Mono: successfully reloaded assembly
- Completed reload, in  0.827 seconds
Platform modules already initialized, skipping
Refreshing native plugins compatible for Editor in 0.27 ms, found 2 plugins.
Preloading 0 native plugins for Editor in 0.00 ms.
Unloading 1392 Unused Serialized files (Serialized files now loaded: 0)
System memory in use before: 88.6 MB.
System memory in use after: 87.0 MB.

Unloading 17 unused Assets to reduce memory usage. Loaded Objects now: 1888.
Total: 3.010600 ms (FindLiveObjects: 0.241200 ms CreateObjectMapping: 0.068100 ms MarkObjects: 1.657600 ms  DeleteObjects: 1.042600 ms)

========================================================================
Received Prepare
Registering precompiled user dll's ...
Registered in 0.002879 seconds.
Begin MonoManager ReloadAssembly
Native extension for WindowsStandalone target not found
Refreshing native plugins compatible for Editor in 0.33 ms, found 2 plugins.
Preloading 0 native plugins for Editor in 0.00 ms.
Mono: successfully reloaded assembly
- Completed reload, in  0.831 seconds
Platform modules already initialized, skipping
Refreshing native plugins compatible for Editor in 0.30 ms, found 2 plugins.
Preloading 0 native plugins for Editor in 0.00 ms.
Unloading 1392 Unused Serialized files (Serialized files now loaded: 0)
System memory in use before: 88.6 MB.
System memory in use after: 87.0 MB.

Unloading 17 unused Assets to reduce memory usage. Loaded Objects now: 1891.
Total: 2.989400 ms (FindLiveObjects: 0.156000 ms CreateObjectMapping: 0.042800 ms MarkObjects: 1.586200 ms  DeleteObjects: 1.203500 ms)

========================================================================
Received Import Request.
  Time since last request: 555.072088 seconds.
  path: Assets/Scripts/Coin.cs
  artifactKey: Guid(5f0265d46a5c525468aa552e603ce5e6) Importer(815301076,1909f56bfc062723c751e8b465ee728b)
Start importing Assets/Scripts/Coin.cs using Guid(5f0265d46a5c525468aa552e603ce5e6) Importer(815301076,1909f56bfc062723c751e8b465ee728b)  -> (artifact id: '19e20b10a050d0f776eab5b03453d8e8') in 0.023515 seconds
  Import took 0.026348 seconds .

========================================================================
Received Prepare
Registering precompiled user dll's ...
Registered in 0.003243 seconds.
Begin MonoManager ReloadAssembly
Native extension for WindowsStandalone target not found
Refreshing native plugins compatible for Editor in 0.72 ms, found 2 plugins.
Preloading 0 native plugins for Editor in 0.00 ms.
Mono: successfully reloaded assembly
- Completed reload, in  1.655 seconds
Platform modules already initialized, skipping
Refreshing native plugins compatible for Editor in 0.37 ms, found 2 plugins.
Preloading 0 native plugins for Editor in 0.00 ms.
Unloading 1392 Unused Serialized files (Serialized files now loaded: 0)
System memory in use before: 88.6 MB.
System memory in use after: 87.0 MB.

Unloading 17 unused Assets to reduce memory usage. Loaded Objects now: 1894.
Total: 14.427400 ms (FindLiveObjects: 0.294400 ms CreateObjectMapping: 0.090800 ms MarkObjects: 4.050600 ms  DeleteObjects: 9.989200 ms)

========================================================================
Received Prepare
Registering precompiled user dll's ...
Registered in 0.002639 seconds.
Begin MonoManager ReloadAssembly
Native extension for WindowsStandalone target not found
Refreshing native plugins compatible for Editor in 0.32 ms, found 2 plugins.
Preloading 0 native plugins for Editor in 0.00 ms.
Mono: successfully reloaded assembly
- Completed reload, in  0.826 seconds
Platform modules already initialized, skipping
Refreshing native plugins compatible for Editor in 0.28 ms, found 2 plugins.
Preloading 0 native plugins for Editor in 0.00 ms.
Unloading 1392 Unused Serialized files (Serialized files now loaded: 0)
System memory in use before: 88.6 MB.
System memory in use after: 87.0 MB.

Unloading 17 unused Assets to reduce memory usage. Loaded Objects now: 1897.
Total: 2.893300 ms (FindLiveObjects: 0.127700 ms CreateObjectMapping: 0.035200 ms MarkObjects: 1.493900 ms  DeleteObjects: 1.222900 ms)

========================================================================
Received Import Request.
  Time since last request: 90.578912 seconds.
  path: Assets/Scripts/GroundSpawner.cs
  artifactKey: Guid(675836455f5f3284ea458e49a5b2de29) Importer(815301076,1909f56bfc062723c751e8b465ee728b)
Start importing Assets/Scripts/GroundSpawner.cs using Guid(675836455f5f3284ea458e49a5b2de29) Importer(815301076,1909f56bfc062723c751e8b465ee728b)  -> (artifact id: 'e09dcc9926e63a634a3ab9ccb9e891b9') in 0.010262 seconds
  Import took 0.012611 seconds .

========================================================================
Received Import Request.
  Time since last request: 0.001305 seconds.
  path: Assets/Scripts/GroundSpawner.cs
  artifactKey: Guid(675836455f5f3284ea458e49a5b2de29) Importer(815301076,1909f56bfc062723c751e8b465ee728b)
Start importing Assets/Scripts/GroundSpawner.cs using Guid(675836455f5f3284ea458e49a5b2de29) Importer(815301076,1909f56bfc062723c751e8b465ee728b)  -> (artifact id: 'e09dcc9926e63a634a3ab9ccb9e891b9') in 0.002682 seconds
  Import took 0.005233 seconds .

========================================================================
Received Import Request.
  Time since last request: 9.434833 seconds.
  path: Assets/Scripts/CameraFollow.cs
  artifactKey: Guid(2c575ed8401320142aac2bbac5c27152) Importer(815301076,1909f56bfc062723c751e8b465ee728b)
Start importing Assets/Scripts/CameraFollow.cs using Guid(2c575ed8401320142aac2bbac5c27152) Importer(815301076,1909f56bfc062723c751e8b465ee728b)  -> (artifact id: '46cc98ae1ccf6624d02e4f3d58ce763e') in 0.008597 seconds
  Import took 0.012361 seconds .

========================================================================
Received Import Request.
  Time since last request: 0.000707 seconds.
  path: Assets/Scripts/CameraFollow.cs
  artifactKey: Guid(2c575ed8401320142aac2bbac5c27152) Importer(815301076,1909f56bfc062723c751e8b465ee728b)
Start importing Assets/Scripts/CameraFollow.cs using Guid(2c575ed8401320142aac2bbac5c27152) Importer(815301076,1909f56bfc062723c751e8b465ee728b)  -> (artifact id: '46cc98ae1ccf6624d02e4f3d58ce763e') in 0.002168 seconds
  Import took 0.004854 seconds .

========================================================================
Received Import Request.
  Time since last request: 7.013848 seconds.
  path: Assets/Scripts/GroundTile.cs
  artifactKey: Guid(df63c839f6b7eb4498a1d500eb59e2f9) Importer(815301076,1909f56bfc062723c751e8b465ee728b)
Start importing Assets/Scripts/GroundTile.cs using Guid(df63c839f6b7eb4498a1d500eb59e2f9) Importer(815301076,1909f56bfc062723c751e8b465ee728b)  -> (artifact id: '891a6fed9c10d048fa62a348dd3ac50b') in 0.012398 seconds
  Import took 0.015738 seconds .

========================================================================
Received Import Request.
  Time since last request: 0.001538 seconds.
  path: Assets/Scripts/GroundTile.cs
  artifactKey: Guid(df63c839f6b7eb4498a1d500eb59e2f9) Importer(815301076,1909f56bfc062723c751e8b465ee728b)
Start importing Assets/Scripts/GroundTile.cs using Guid(df63c839f6b7eb4498a1d500eb59e2f9) Importer(815301076,1909f56bfc062723c751e8b465ee728b)  -> (artifact id: '891a6fed9c10d048fa62a348dd3ac50b') in 0.002788 seconds
  Import took 0.005516 seconds .

========================================================================
Received Import Request.
  Time since last request: 4.652991 seconds.
  path: Assets/Scripts/Obstacle.cs
  artifactKey: Guid(5fc654637b17dcb4c8dea59610ff55b4) Importer(815301076,1909f56bfc062723c751e8b465ee728b)
Start importing Assets/Scripts/Obstacle.cs using Guid(5fc654637b17dcb4c8dea59610ff55b4) Importer(815301076,1909f56bfc062723c751e8b465ee728b)  -> (artifact id: 'fc5d73beabd98cf594d9acc9d96f1e72') in 0.007528 seconds
  Import took 0.010830 seconds .

========================================================================
Received Import Request.
  Time since last request: 0.002333 seconds.
  path: Assets/Scripts/Obstacle.cs
  artifactKey: Guid(5fc654637b17dcb4c8dea59610ff55b4) Importer(815301076,1909f56bfc062723c751e8b465ee728b)
Start importing Assets/Scripts/Obstacle.cs using Guid(5fc654637b17dcb4c8dea59610ff55b4) Importer(815301076,1909f56bfc062723c751e8b465ee728b)  -> (artifact id: 'fc5d73beabd98cf594d9acc9d96f1e72') in 0.002809 seconds
  Import took 0.005483 seconds .

========================================================================
Received Import Request.
  Time since last request: 10.203846 seconds.
  path: Assets/Scripts/PlayerMovement.cs
  artifactKey: Guid(48c623b961c9d374cb32e389f185eab7) Importer(815301076,1909f56bfc062723c751e8b465ee728b)
Start importing Assets/Scripts/PlayerMovement.cs using Guid(48c623b961c9d374cb32e389f185eab7) Importer(815301076,1909f56bfc062723c751e8b465ee728b)  -> (artifact id: 'd2504e0c05fc030222ded5e6ba14511b') in 0.007801 seconds
  Import took 0.010600 seconds .

========================================================================
Received Import Request.
  Time since last request: 0.001107 seconds.
  path: Assets/Scripts/PlayerMovement.cs
  artifactKey: Guid(48c623b961c9d374cb32e389f185eab7) Importer(815301076,1909f56bfc062723c751e8b465ee728b)
Start importing Assets/Scripts/PlayerMovement.cs using Guid(48c623b961c9d374cb32e389f185eab7) Importer(815301076,1909f56bfc062723c751e8b465ee728b)  -> (artifact id: 'd2504e0c05fc030222ded5e6ba14511b') in 0.002088 seconds
  Import took 0.004782 seconds .

========================================================================
Received Prepare
Registering precompiled user dll's ...
Registered in 0.002777 seconds.
Begin MonoManager ReloadAssembly
Native extension for WindowsStandalone target not found
Refreshing native plugins compatible for Editor in 0.28 ms, found 2 plugins.
Preloading 0 native plugins for Editor in 0.00 ms.
Mono: successfully reloaded assembly
- Completed reload, in  0.842 seconds
Platform modules already initialized, skipping
Refreshing native plugins compatible for Editor in 0.29 ms, found 2 plugins.
Preloading 0 native plugins for Editor in 0.00 ms.
Unloading 1392 Unused Serialized files (Serialized files now loaded: 0)
System memory in use before: 88.7 MB.
System memory in use after: 87.1 MB.

Unloading 17 unused Assets to reduce memory usage. Loaded Objects now: 1900.
Total: 3.201700 ms (FindLiveObjects: 0.123600 ms CreateObjectMapping: 0.034600 ms MarkObjects: 1.801600 ms  DeleteObjects: 1.241200 ms)

========================================================================
Received Prepare
Registering precompiled user dll's ...
Registered in 0.002956 seconds.
Begin MonoManager ReloadAssembly
Native extension for WindowsStandalone target not found
Refreshing native plugins compatible for Editor in 0.43 ms, found 2 plugins.
Preloading 0 native plugins for Editor in 0.00 ms.
Mono: successfully reloaded assembly
- Completed reload, in  0.837 seconds
Platform modules already initialized, skipping
Refreshing native plugins compatible for Editor in 0.29 ms, found 2 plugins.
Preloading 0 native plugins for Editor in 0.00 ms.
Unloading 1392 Unused Serialized files (Serialized files now loaded: 0)
System memory in use before: 88.6 MB.
System memory in use after: 87.0 MB.

Unloading 17 unused Assets to reduce memory usage. Loaded Objects now: 1903.
Total: 3.024500 ms (FindLiveObjects: 0.136200 ms CreateObjectMapping: 0.038700 ms MarkObjects: 1.645700 ms  DeleteObjects: 1.203100 ms)

========================================================================
Received Import Request.
  Time since last request: 205.777590 seconds.
  path: Assets/3D Game Kit - Character Pack/Characters/Ellen/AnimationClips/Ellen_CutscenePortrait.anim
  artifactKey: Guid(98a1ee9ff0ae3c244878363996f3154b) Importer(815301076,1909f56bfc062723c751e8b465ee728b)
Start importing Assets/3D Game Kit - Character Pack/Characters/Ellen/AnimationClips/Ellen_CutscenePortrait.anim using Guid(98a1ee9ff0ae3c244878363996f3154b) Importer(815301076,1909f56bfc062723c751e8b465ee728b)  -> (artifact id: 'b2b49bc3e733f939b0d614a6ab3c1693') in 0.026825 seconds
  Import took 0.030452 seconds .

========================================================================
Received Import Request.
  Time since last request: 0.895400 seconds.
  path: Assets/3D Game Kit - Character Pack/Characters/Ellen/AnimationClips/Ellen_CutscenePortraitUI.anim
  artifactKey: Guid(9ce57fdbfc376bd459508e422d3ee71a) Importer(815301076,1909f56bfc062723c751e8b465ee728b)
Start importing Assets/3D Game Kit - Character Pack/Characters/Ellen/AnimationClips/Ellen_CutscenePortraitUI.anim using Guid(9ce57fdbfc376bd459508e422d3ee71a) Importer(815301076,1909f56bfc062723c751e8b465ee728b)  -> (artifact id: 'a4e71e0a75f68f02864271d6adff0892') in 0.010853 seconds
  Import took 0.014280 seconds .

========================================================================
Received Import Request.
  Time since last request: 0.005600 seconds.
  path: Assets/3D Game Kit - Character Pack/Characters/Ellen/AnimationClips/Ellen_CutscenePortraitUI.anim
  artifactKey: Guid(9ce57fdbfc376bd459508e422d3ee71a) Importer(815301076,1909f56bfc062723c751e8b465ee728b)
Start importing Assets/3D Game Kit - Character Pack/Characters/Ellen/AnimationClips/Ellen_CutscenePortraitUI.anim using Guid(9ce57fdbfc376bd459508e422d3ee71a) Importer(815301076,1909f56bfc062723c751e8b465ee728b)  -> (artifact id: 'a4e71e0a75f68f02864271d6adff0892') in 0.004633 seconds
  Import took 0.007846 seconds .

========================================================================
Received Import Request.
  Time since last request: 20.433778 seconds.
  path: Assets/3D Game Kit - Character Pack/Characters/Chomper/AnimationClips/@ChomperRunForward.fbx
  artifactKey: Guid(1e35373135394fa45852a3e55ba00889) Importer(815301076,1909f56bfc062723c751e8b465ee728b)
Start importing Assets/3D Game Kit - Character Pack/Characters/Chomper/AnimationClips/@ChomperRunForward.fbx using Guid(1e35373135394fa45852a3e55ba00889) Importer(815301076,1909f56bfc062723c751e8b465ee728b)  -> (artifact id: 'd1a72641a8f9a80f7731f203e1346caa') in 0.076234 seconds
  Import took 0.080047 seconds .

========================================================================
Received Import Request.
  Time since last request: 32.496596 seconds.
  path: Assets/Animation
  artifactKey: Guid(09021d151323c9744af98cd34e4c220b) Importer(815301076,1909f56bfc062723c751e8b465ee728b)
Start importing Assets/Animation using Guid(09021d151323c9744af98cd34e4c220b) Importer(815301076,1909f56bfc062723c751e8b465ee728b)  -> (artifact id: 'db8c499f4736911da8b501628b235361') in 0.008547 seconds
  Import took 0.012016 seconds .

========================================================================
Received Import Request.
  Time since last request: 41.785593 seconds.
  path: Assets/3D Game Kit - Character Pack/Characters/Grenadier/AnimationClips/@GrenadierTurnLeft45.fbx
  artifactKey: Guid(899679bed2850b64e9cc10ae9855fa74) Importer(815301076,1909f56bfc062723c751e8b465ee728b)
Start importing Assets/3D Game Kit - Character Pack/Characters/Grenadier/AnimationClips/@GrenadierTurnLeft45.fbx using Guid(899679bed2850b64e9cc10ae9855fa74) Importer(815301076,1909f56bfc062723c751e8b465ee728b)  -> (artifact id: '269125a387b3fded44c00eeb600ed249') in 0.050765 seconds
  Import took 0.055325 seconds .

========================================================================
Received Import Request.
  Time since last request: 0.000220 seconds.
  path: Assets/3D Game Kit - Character Pack/Characters/Grenadier/AnimationClips/@GrenadierTurnLeft135.fbx
  artifactKey: Guid(8828c200786d7b14ea6ebc55203e2c76) Importer(815301076,1909f56bfc062723c751e8b465ee728b)
Start importing Assets/3D Game Kit - Character Pack/Characters/Grenadier/AnimationClips/@GrenadierTurnLeft135.fbx using Guid(8828c200786d7b14ea6ebc55203e2c76) Importer(815301076,1909f56bfc062723c751e8b465ee728b)  -> (artifact id: 'dede4ae560728ab92e35bd960704d84f') in 0.045830 seconds
  Import took 0.049476 seconds .

========================================================================
Received Import Request.
  Time since last request: 0.000280 seconds.
  path: Assets/3D Game Kit - Character Pack/Characters/Grenadier/AnimationClips/@GrenadierTurnLeft180.fbx
  artifactKey: Guid(d1db22ef9be53c24bb89857858da1bc7) Importer(815301076,1909f56bfc062723c751e8b465ee728b)
Start importing Assets/3D Game Kit - Character Pack/Characters/Grenadier/AnimationClips/@GrenadierTurnLeft180.fbx using Guid(d1db22ef9be53c24bb89857858da1bc7) Importer(815301076,1909f56bfc062723c751e8b465ee728b)  -> (artifact id: '7fe24acce6ebf018afad67ef356055cb') in 0.045291 seconds
  Import took 0.049224 seconds .

========================================================================
Received Import Request.
  Time since last request: 0.000367 seconds.
  path: Assets/3D Game Kit - Character Pack/Characters/Grenadier/AnimationClips/@GrenadierTurnLeft90.fbx
  artifactKey: Guid(db33dcc9ecb75894cae2cb17e0d4506d) Importer(815301076,1909f56bfc062723c751e8b465ee728b)
Start importing Assets/3D Game Kit - Character Pack/Characters/Grenadier/AnimationClips/@GrenadierTurnLeft90.fbx using Guid(db33dcc9ecb75894cae2cb17e0d4506d) Importer(815301076,1909f56bfc062723c751e8b465ee728b)  -> (artifact id: '53648c1b2255de013c7830fb8ca8c37f') in 0.040798 seconds
  Import took 0.047343 seconds .

========================================================================
Received Import Request.
  Time since last request: 126.958337 seconds.
  path: Assets/3D Game Kit - Character Pack/Characters/Grenadier/AnimationClips/@GrenadierTurnRight45.fbx
  artifactKey: Guid(648a783bc5108a94997d833dc9a621b8) Importer(815301076,1909f56bfc062723c751e8b465ee728b)
Start importing Assets/3D Game Kit - Character Pack/Characters/Grenadier/AnimationClips/@GrenadierTurnRight45.fbx using Guid(648a783bc5108a94997d833dc9a621b8) Importer(815301076,1909f56bfc062723c751e8b465ee728b)  -> (artifact id: '421de9d3a634d63266b85c51970848d4') in 0.046614 seconds
  Import took 0.050164 seconds .

========================================================================
Received Import Request.
  Time since last request: 0.000365 seconds.
  path: Assets/3D Game Kit - Character Pack/Characters/Grenadier/AnimationClips/@GrenadierTurnRight180.fbx
  artifactKey: Guid(9a9853ad65821a149beb9b23bd24cc4f) Importer(815301076,1909f56bfc062723c751e8b465ee728b)
Start importing Assets/3D Game Kit - Character Pack/Characters/Grenadier/AnimationClips/@GrenadierTurnRight180.fbx using Guid(9a9853ad65821a149beb9b23bd24cc4f) Importer(815301076,1909f56bfc062723c751e8b465ee728b)  -> (artifact id: 'ded41bd337e58b7f5dfd3a5a01d53f83') in 0.054622 seconds
  Import took 0.057770 seconds .

========================================================================
Received Import Request.
  Time since last request: 0.000413 seconds.
  path: Assets/3D Game Kit - Character Pack/Characters/Grenadier/AnimationClips/@GrenadierTurnRight90.fbx
  artifactKey: Guid(6acba3270e04ad14590c6f3dcc83dbe1) Importer(815301076,1909f56bfc062723c751e8b465ee728b)
Start importing Assets/3D Game Kit - Character Pack/Characters/Grenadier/AnimationClips/@GrenadierTurnRight90.fbx using Guid(6acba3270e04ad14590c6f3dcc83dbe1) Importer(815301076,1909f56bfc062723c751e8b465ee728b)  -> (artifact id: '414da44ce8393686b509b76578095a15') in 0.041144 seconds
  Import took 0.044922 seconds .

========================================================================
Received Import Request.
  Time since last request: 0.000306 seconds.
  path: Assets/3D Game Kit - Character Pack/Characters/Grenadier/AnimationClips/@GrenadierTurnRight135.fbx
  artifactKey: Guid(1442d0a8c18fd9748a7bc20778638cb9) Importer(815301076,1909f56bfc062723c751e8b465ee728b)
Start importing Assets/3D Game Kit - Character Pack/Characters/Grenadier/AnimationClips/@GrenadierTurnRight135.fbx using Guid(1442d0a8c18fd9748a7bc20778638cb9) Importer(815301076,1909f56bfc062723c751e8b465ee728b)  -> (artifact id: 'ed99baf888f9f9841bf4fe816de9f390') in 0.050977 seconds
  Import took 0.055587 seconds .

========================================================================
Received Import Request.
  Time since last request: 62.888905 seconds.
  path: Assets/Animation/AnimatorController.controller
  artifactKey: Guid(394439339fefa7c43b4dd6bd972aa1c7) Importer(815301076,1909f56bfc062723c751e8b465ee728b)
Start importing Assets/Animation/AnimatorController.controller using Guid(394439339fefa7c43b4dd6bd972aa1c7) Importer(815301076,1909f56bfc062723c751e8b465ee728b)  -> (artifact id: '79a54d393db65ce3920edfc774f36339') in 0.011020 seconds
  Import took 0.013953 seconds .

========================================================================
Received Prepare
Registering precompiled user dll's ...
Registered in 0.004561 seconds.
Begin MonoManager ReloadAssembly
Native extension for WindowsStandalone target not found
Refreshing native plugins compatible for Editor in 0.31 ms, found 2 plugins.
Preloading 0 native plugins for Editor in 0.00 ms.
Mono: successfully reloaded assembly
- Completed reload, in  0.866 seconds
Platform modules already initialized, skipping
Refreshing native plugins compatible for Editor in 0.41 ms, found 2 plugins.
Preloading 0 native plugins for Editor in 0.00 ms.
Unloading 1392 Unused Serialized files (Serialized files now loaded: 0)
System memory in use before: 89.8 MB.
System memory in use after: 88.2 MB.

Unloading 18 unused Assets to reduce memory usage. Loaded Objects now: 1907.
Total: 2.879400 ms (FindLiveObjects: 0.138500 ms CreateObjectMapping: 0.034200 ms MarkObjects: 1.604600 ms  DeleteObjects: 1.101300 ms)

========================================================================
Received Import Request.
  Time since last request: 484.204725 seconds.
  path: Assets/Scripts/PlayerMovement.cs
  artifactKey: Guid(48c623b961c9d374cb32e389f185eab7) Importer(815301076,1909f56bfc062723c751e8b465ee728b)
Start importing Assets/Scripts/PlayerMovement.cs using Guid(48c623b961c9d374cb32e389f185eab7) Importer(815301076,1909f56bfc062723c751e8b465ee728b)  -> (artifact id: '02681009fdeaf6cfee5726eefb696899') in 0.007717 seconds
  Import took 0.009913 seconds .

========================================================================
Received Import Request.
  Time since last request: 86.521534 seconds.
  path: Assets/Animation/AnimatorController.controller
  artifactKey: Guid(394439339fefa7c43b4dd6bd972aa1c7) Importer(815301076,1909f56bfc062723c751e8b465ee728b)
Start importing Assets/Animation/AnimatorController.controller using Guid(394439339fefa7c43b4dd6bd972aa1c7) Importer(815301076,1909f56bfc062723c751e8b465ee728b)  -> (artifact id: 'a2b29c7afbfbb53ebaf28399234e1a4e') in 0.013678 seconds
  Import took 0.016690 seconds .

========================================================================
Received Prepare
Registering precompiled user dll's ...
Registered in 0.003506 seconds.
Begin MonoManager ReloadAssembly
Native extension for WindowsStandalone target not found
Refreshing native plugins compatible for Editor in 0.37 ms, found 2 plugins.
Preloading 0 native plugins for Editor in 0.00 ms.
Mono: successfully reloaded assembly
- Completed reload, in  0.822 seconds
Platform modules already initialized, skipping
Refreshing native plugins compatible for Editor in 0.31 ms, found 2 plugins.
Preloading 0 native plugins for Editor in 0.00 ms.
Unloading 1392 Unused Serialized files (Serialized files now loaded: 0)
System memory in use before: 89.8 MB.
System memory in use after: 88.2 MB.

Unloading 17 unused Assets to reduce memory usage. Loaded Objects now: 1910.
Total: 3.404000 ms (FindLiveObjects: 0.161100 ms CreateObjectMapping: 0.034700 ms MarkObjects: 1.919300 ms  DeleteObjects: 1.288100 ms)

========================================================================
Received Prepare
Registering precompiled user dll's ...
Registered in 0.003906 seconds.
Begin MonoManager ReloadAssembly
Native extension for WindowsStandalone target not found
Refreshing native plugins compatible for Editor in 0.27 ms, found 2 plugins.
Preloading 0 native plugins for Editor in 0.00 ms.
Mono: successfully reloaded assembly
- Completed reload, in  0.839 seconds
Platform modules already initialized, skipping
Refreshing native plugins compatible for Editor in 0.32 ms, found 2 plugins.
Preloading 0 native plugins for Editor in 0.00 ms.
Unloading 1392 Unused Serialized files (Serialized files now loaded: 0)
System memory in use before: 89.8 MB.
System memory in use after: 88.2 MB.

Unloading 17 unused Assets to reduce memory usage. Loaded Objects now: 1913.
Total: 3.112100 ms (FindLiveObjects: 0.160700 ms CreateObjectMapping: 0.035200 ms MarkObjects: 1.695700 ms  DeleteObjects: 1.219600 ms)

========================================================================
Received Prepare
Registering precompiled user dll's ...
Registered in 0.004111 seconds.
Begin MonoManager ReloadAssembly
Native extension for WindowsStandalone target not found
Refreshing native plugins compatible for Editor in 0.63 ms, found 2 plugins.
Preloading 0 native plugins for Editor in 0.00 ms.
Mono: successfully reloaded assembly
- Completed reload, in  0.921 seconds
Platform modules already initialized, skipping
Refreshing native plugins compatible for Editor in 0.41 ms, found 2 plugins.
Preloading 0 native plugins for Editor in 0.00 ms.
Unloading 1392 Unused Serialized files (Serialized files now loaded: 0)
System memory in use before: 89.8 MB.
System memory in use after: 88.2 MB.

Unloading 17 unused Assets to reduce memory usage. Loaded Objects now: 1916.
Total: 3.061800 ms (FindLiveObjects: 0.199400 ms CreateObjectMapping: 0.048000 ms MarkObjects: 1.604700 ms  DeleteObjects: 1.209000 ms)

========================================================================
Received Prepare
Registering precompiled user dll's ...
Registered in 0.003521 seconds.
Begin MonoManager ReloadAssembly
Native extension for WindowsStandalone target not found
Refreshing native plugins compatible for Editor in 0.30 ms, found 2 plugins.
Preloading 0 native plugins for Editor in 0.00 ms.
Mono: successfully reloaded assembly
- Completed reload, in  0.833 seconds
Platform modules already initialized, skipping
Refreshing native plugins compatible for Editor in 0.41 ms, found 2 plugins.
Preloading 0 native plugins for Editor in 0.00 ms.
Unloading 1392 Unused Serialized files (Serialized files now loaded: 0)
System memory in use before: 89.8 MB.
System memory in use after: 88.2 MB.

Unloading 17 unused Assets to reduce memory usage. Loaded Objects now: 1919.
Total: 2.909100 ms (FindLiveObjects: 0.141200 ms CreateObjectMapping: 0.042200 ms MarkObjects: 1.414400 ms  DeleteObjects: 1.310300 ms)

========================================================================
Received Prepare
Registering precompiled user dll's ...
Registered in 0.002993 seconds.
Begin MonoManager ReloadAssembly
Native extension for WindowsStandalone target not found
Refreshing native plugins compatible for Editor in 0.29 ms, found 2 plugins.
Preloading 0 native plugins for Editor in 0.00 ms.
Mono: successfully reloaded assembly
- Completed reload, in  0.827 seconds
Platform modules already initialized, skipping
Refreshing native plugins compatible for Editor in 0.30 ms, found 2 plugins.
Preloading 0 native plugins for Editor in 0.00 ms.
Unloading 1392 Unused Serialized files (Serialized files now loaded: 0)
System memory in use before: 89.8 MB.
System memory in use after: 88.2 MB.

Unloading 17 unused Assets to reduce memory usage. Loaded Objects now: 1922.
Total: 2.806800 ms (FindLiveObjects: 0.180200 ms CreateObjectMapping: 0.041200 ms MarkObjects: 1.426400 ms  DeleteObjects: 1.158200 ms)

========================================================================
Received Prepare
Registering precompiled user dll's ...
Registered in 0.003431 seconds.
Begin MonoManager ReloadAssembly
Native extension for WindowsStandalone target not found
Refreshing native plugins compatible for Editor in 0.47 ms, found 2 plugins.
Preloading 0 native plugins for Editor in 0.00 ms.
Mono: successfully reloaded assembly
- Completed reload, in  0.871 seconds
Platform modules already initialized, skipping
Refreshing native plugins compatible for Editor in 0.27 ms, found 2 plugins.
Preloading 0 native plugins for Editor in 0.00 ms.
Unloading 1392 Unused Serialized files (Serialized files now loaded: 0)
System memory in use before: 89.8 MB.
System memory in use after: 88.3 MB.

Unloading 17 unused Assets to reduce memory usage. Loaded Objects now: 1925.
Total: 2.732100 ms (FindLiveObjects: 0.155800 ms CreateObjectMapping: 0.039900 ms MarkObjects: 1.414300 ms  DeleteObjects: 1.121100 ms)

========================================================================
Received Prepare
Registering precompiled user dll's ...
Registered in 0.002922 seconds.
Begin MonoManager ReloadAssembly
Native extension for WindowsStandalone target not found
Refreshing native plugins compatible for Editor in 0.47 ms, found 2 plugins.
Preloading 0 native plugins for Editor in 0.00 ms.
Mono: successfully reloaded assembly
- Completed reload, in  0.889 seconds
Platform modules already initialized, skipping
Refreshing native plugins compatible for Editor in 0.30 ms, found 2 plugins.
Preloading 0 native plugins for Editor in 0.00 ms.
Unloading 1392 Unused Serialized files (Serialized files now loaded: 0)
System memory in use before: 89.8 MB.
System memory in use after: 88.2 MB.

Unloading 17 unused Assets to reduce memory usage. Loaded Objects now: 1928.
Total: 3.114300 ms (FindLiveObjects: 0.165100 ms CreateObjectMapping: 0.045300 ms MarkObjects: 1.637900 ms  DeleteObjects: 1.264700 ms)

========================================================================
Received Prepare
Registering precompiled user dll's ...
Registered in 0.002900 seconds.
Begin MonoManager ReloadAssembly
Native extension for WindowsStandalone target not found
Refreshing native plugins compatible for Editor in 0.30 ms, found 2 plugins.
Preloading 0 native plugins for Editor in 0.00 ms.
Mono: successfully reloaded assembly
- Completed reload, in  0.843 seconds
Platform modules already initialized, skipping
Refreshing native plugins compatible for Editor in 0.30 ms, found 2 plugins.
Preloading 0 native plugins for Editor in 0.00 ms.
Unloading 1392 Unused Serialized files (Serialized files now loaded: 0)
System memory in use before: 89.9 MB.
System memory in use after: 88.3 MB.

Unloading 17 unused Assets to reduce memory usage. Loaded Objects now: 1931.
Total: 2.944000 ms (FindLiveObjects: 0.144600 ms CreateObjectMapping: 0.032500 ms MarkObjects: 1.644700 ms  DeleteObjects: 1.121500 ms)

========================================================================
Received Prepare
Registering precompiled user dll's ...
Registered in 0.002941 seconds.
Begin MonoManager ReloadAssembly
Native extension for WindowsStandalone target not found
Refreshing native plugins compatible for Editor in 0.68 ms, found 2 plugins.
Preloading 0 native plugins for Editor in 0.00 ms.
Mono: successfully reloaded assembly
- Completed reload, in  0.829 seconds
Platform modules already initialized, skipping
Refreshing native plugins compatible for Editor in 0.27 ms, found 2 plugins.
Preloading 0 native plugins for Editor in 0.00 ms.
Unloading 1392 Unused Serialized files (Serialized files now loaded: 0)
System memory in use before: 89.9 MB.
System memory in use after: 88.3 MB.

Unloading 17 unused Assets to reduce memory usage. Loaded Objects now: 1934.
Total: 2.644400 ms (FindLiveObjects: 0.158300 ms CreateObjectMapping: 0.040400 ms MarkObjects: 1.332100 ms  DeleteObjects: 1.112700 ms)

========================================================================
Received Prepare
Registering precompiled user dll's ...
Registered in 0.003140 seconds.
Begin MonoManager ReloadAssembly
Native extension for WindowsStandalone target not found
Refreshing native plugins compatible for Editor in 0.27 ms, found 2 plugins.
Preloading 0 native plugins for Editor in 0.00 ms.
Mono: successfully reloaded assembly
- Completed reload, in  0.834 seconds
Platform modules already initialized, skipping
Refreshing native plugins compatible for Editor in 0.28 ms, found 2 plugins.
Preloading 0 native plugins for Editor in 0.00 ms.
Unloading 1392 Unused Serialized files (Serialized files now loaded: 0)
System memory in use before: 89.9 MB.
System memory in use after: 88.3 MB.

Unloading 17 unused Assets to reduce memory usage. Loaded Objects now: 1937.
Total: 3.091400 ms (FindLiveObjects: 0.144800 ms CreateObjectMapping: 0.033800 ms MarkObjects: 1.707800 ms  DeleteObjects: 1.204100 ms)

========================================================================
Received Prepare
Registering precompiled user dll's ...
Registered in 0.002909 seconds.
Begin MonoManager ReloadAssembly
Native extension for WindowsStandalone target not found
Refreshing native plugins compatible for Editor in 0.30 ms, found 2 plugins.
Preloading 0 native plugins for Editor in 0.00 ms.
Mono: successfully reloaded assembly
- Completed reload, in  0.818 seconds
Platform modules already initialized, skipping
Refreshing native plugins compatible for Editor in 0.27 ms, found 2 plugins.
Preloading 0 native plugins for Editor in 0.00 ms.
Unloading 1392 Unused Serialized files (Serialized files now loaded: 0)
System memory in use before: 89.9 MB.
System memory in use after: 88.3 MB.

Unloading 17 unused Assets to reduce memory usage. Loaded Objects now: 1940.
Total: 3.100900 ms (FindLiveObjects: 0.148000 ms CreateObjectMapping: 0.040600 ms MarkObjects: 1.588500 ms  DeleteObjects: 1.322700 ms)

========================================================================
Received Prepare
Registering precompiled user dll's ...
Registered in 0.002930 seconds.
Begin MonoManager ReloadAssembly
Native extension for WindowsStandalone target not found
Refreshing native plugins compatible for Editor in 0.33 ms, found 2 plugins.
Preloading 0 native plugins for Editor in 0.00 ms.
Mono: successfully reloaded assembly
- Completed reload, in  0.878 seconds
Platform modules already initialized, skipping
Refreshing native plugins compatible for Editor in 0.34 ms, found 2 plugins.
Preloading 0 native plugins for Editor in 0.00 ms.
Unloading 1392 Unused Serialized files (Serialized files now loaded: 0)
System memory in use before: 89.8 MB.
System memory in use after: 88.2 MB.

Unloading 17 unused Assets to reduce memory usage. Loaded Objects now: 1943.
Total: 3.055800 ms (FindLiveObjects: 0.159100 ms CreateObjectMapping: 0.041600 ms MarkObjects: 1.675100 ms  DeleteObjects: 1.179200 ms)

========================================================================
Received Prepare
Registering precompiled user dll's ...
Registered in 0.003546 seconds.
Begin MonoManager ReloadAssembly
Native extension for WindowsStandalone target not found
Refreshing native plugins compatible for Editor in 0.34 ms, found 2 plugins.
Preloading 0 native plugins for Editor in 0.00 ms.
Mono: successfully reloaded assembly
- Completed reload, in  0.857 seconds
Platform modules already initialized, skipping
Refreshing native plugins compatible for Editor in 0.35 ms, found 2 plugins.
Preloading 0 native plugins for Editor in 0.00 ms.
Unloading 1392 Unused Serialized files (Serialized files now loaded: 0)
System memory in use before: 89.8 MB.
System memory in use after: 88.2 MB.

Unloading 17 unused Assets to reduce memory usage. Loaded Objects now: 1946.
Total: 3.158700 ms (FindLiveObjects: 0.155600 ms CreateObjectMapping: 0.040400 ms MarkObjects: 1.667200 ms  DeleteObjects: 1.294400 ms)

========================================================================
Received Prepare
Registering precompiled user dll's ...
Registered in 0.003438 seconds.
Begin MonoManager ReloadAssembly
Native extension for WindowsStandalone target not found
Refreshing native plugins compatible for Editor in 0.28 ms, found 2 plugins.
Preloading 0 native plugins for Editor in 0.00 ms.
Mono: successfully reloaded assembly
- Completed reload, in  0.898 seconds
Platform modules already initialized, skipping
Refreshing native plugins compatible for Editor in 0.29 ms, found 2 plugins.
Preloading 0 native plugins for Editor in 0.00 ms.
Unloading 1392 Unused Serialized files (Serialized files now loaded: 0)
System memory in use before: 89.9 MB.
System memory in use after: 88.3 MB.

Unloading 17 unused Assets to reduce memory usage. Loaded Objects now: 1949.
Total: 3.009700 ms (FindLiveObjects: 0.141400 ms CreateObjectMapping: 0.040700 ms MarkObjects: 1.669500 ms  DeleteObjects: 1.157300 ms)

========================================================================
Received Import Request.
  Time since last request: 1466.802457 seconds.
  path: Assets/Scripts/Coin.cs
  artifactKey: Guid(5f0265d46a5c525468aa552e603ce5e6) Importer(815301076,1909f56bfc062723c751e8b465ee728b)
Start importing Assets/Scripts/Coin.cs using Guid(5f0265d46a5c525468aa552e603ce5e6) Importer(815301076,1909f56bfc062723c751e8b465ee728b)  -> (artifact id: '0b35a980c9279bd5e0ebba58fc6aa1af') in 0.003822 seconds
  Import took 0.005750 seconds .

========================================================================
Received Prepare
Registering precompiled user dll's ...
Registered in 0.002874 seconds.
Begin MonoManager ReloadAssembly
Native extension for WindowsStandalone target not found
Refreshing native plugins compatible for Editor in 0.30 ms, found 2 plugins.
Preloading 0 native plugins for Editor in 0.00 ms.
Mono: successfully reloaded assembly
- Completed reload, in  0.829 seconds
Platform modules already initialized, skipping
Refreshing native plugins compatible for Editor in 0.36 ms, found 2 plugins.
Preloading 0 native plugins for Editor in 0.00 ms.
Unloading 1392 Unused Serialized files (Serialized files now loaded: 0)
System memory in use before: 89.9 MB.
System memory in use after: 88.3 MB.

Unloading 17 unused Assets to reduce memory usage. Loaded Objects now: 1952.
Total: 3.942500 ms (FindLiveObjects: 0.186500 ms CreateObjectMapping: 0.056500 ms MarkObjects: 2.322700 ms  DeleteObjects: 1.375700 ms)

========================================================================
Received Prepare
Registering precompiled user dll's ...
Registered in 0.002933 seconds.
Begin MonoManager ReloadAssembly
Native extension for WindowsStandalone target not found
Refreshing native plugins compatible for Editor in 0.35 ms, found 2 plugins.
Preloading 0 native plugins for Editor in 0.00 ms.
Mono: successfully reloaded assembly
- Completed reload, in  0.885 seconds
Platform modules already initialized, skipping
Refreshing native plugins compatible for Editor in 0.31 ms, found 2 plugins.
Preloading 0 native plugins for Editor in 0.00 ms.
Unloading 1392 Unused Serialized files (Serialized files now loaded: 0)
System memory in use before: 89.9 MB.
System memory in use after: 88.3 MB.

Unloading 17 unused Assets to reduce memory usage. Loaded Objects now: 1955.
Total: 3.076700 ms (FindLiveObjects: 0.178200 ms CreateObjectMapping: 0.069100 ms MarkObjects: 1.608600 ms  DeleteObjects: 1.220000 ms)

========================================================================
Received Import Request.
  Time since last request: 120.049585 seconds.
  path: Assets/Scripts/Obstacle.cs
  artifactKey: Guid(5fc654637b17dcb4c8dea59610ff55b4) Importer(815301076,1909f56bfc062723c751e8b465ee728b)
Start importing Assets/Scripts/Obstacle.cs using Guid(5fc654637b17dcb4c8dea59610ff55b4) Importer(815301076,1909f56bfc062723c751e8b465ee728b)  -> (artifact id: 'c138b8c92c4160499806895f518ad939') in 0.004041 seconds
  Import took 0.006490 seconds .

========================================================================
Received Import Request.
  Time since last request: 1.328723 seconds.
  path: Assets/Scripts/Obstacle.cs
  artifactKey: Guid(5fc654637b17dcb4c8dea59610ff55b4) Importer(815301076,1909f56bfc062723c751e8b465ee728b)
Start importing Assets/Scripts/Obstacle.cs using Guid(5fc654637b17dcb4c8dea59610ff55b4) Importer(815301076,1909f56bfc062723c751e8b465ee728b)  -> (artifact id: 'c138b8c92c4160499806895f518ad939') in 0.002534 seconds
  Import took 0.004855 seconds .

========================================================================
Received Prepare
Registering precompiled user dll's ...
Registered in 0.002859 seconds.
Begin MonoManager ReloadAssembly
Native extension for WindowsStandalone target not found
Refreshing native plugins compatible for Editor in 0.43 ms, found 2 plugins.
Preloading 0 native plugins for Editor in 0.00 ms.
Mono: successfully reloaded assembly
- Completed reload, in  0.829 seconds
Platform modules already initialized, skipping
Refreshing native plugins compatible for Editor in 0.29 ms, found 2 plugins.
Preloading 0 native plugins for Editor in 0.00 ms.
Unloading 1392 Unused Serialized files (Serialized files now loaded: 0)
System memory in use before: 89.9 MB.
System memory in use after: 88.3 MB.

Unloading 17 unused Assets to reduce memory usage. Loaded Objects now: 1958.
Total: 3.045600 ms (FindLiveObjects: 0.148700 ms CreateObjectMapping: 0.033900 ms MarkObjects: 1.609600 ms  DeleteObjects: 1.252600 ms)

========================================================================
Received Prepare
Registering precompiled user dll's ...
Registered in 0.003720 seconds.
Begin MonoManager ReloadAssembly
Native extension for WindowsStandalone target not found
Refreshing native plugins compatible for Editor in 0.37 ms, found 2 plugins.
Preloading 0 native plugins for Editor in 0.00 ms.
Mono: successfully reloaded assembly
- Completed reload, in  0.865 seconds
Platform modules already initialized, skipping
Refreshing native plugins compatible for Editor in 0.32 ms, found 2 plugins.
Preloading 0 native plugins for Editor in 0.00 ms.
Unloading 1392 Unused Serialized files (Serialized files now loaded: 0)
System memory in use before: 89.9 MB.
System memory in use after: 88.3 MB.

Unloading 17 unused Assets to reduce memory usage. Loaded Objects now: 1961.
Total: 3.159000 ms (FindLiveObjects: 0.146500 ms CreateObjectMapping: 0.032600 ms MarkObjects: 1.674900 ms  DeleteObjects: 1.304300 ms)

AssetImportWorkerClient::OnTransportError - code=2 error=End of file
